<?xml version="1.0" encoding="UTF-8"?>
<testng-results ignored="0" total="2" passed="2" failed="0" skipped="0">
  <reporter-output>
  </reporter-output>
  <suite started-at="2023-12-02T13:47:15 IST" name="Default suite" finished-at="2023-12-02T13:47:27 IST" duration-ms="12169">
    <groups>
    </groups>
    <test started-at="2023-12-02T13:47:15 IST" name="Default test" finished-at="2023-12-02T13:47:27 IST" duration-ms="12169">
      <class name="tests.AddtoCartTest">
        <test-method is-config="true" signature="inint()[pri:0, instance:tests.AddtoCartTest@6b81ce95]" started-at="2023-12-02T13:47:15 IST" name="inint" finished-at="2023-12-02T13:47:20 IST" duration-ms="5400" status="PASS">
          <reporter-output>
          </reporter-output>
        </test-method> <!-- inint -->
        <test-method signature="addTpCart(java.lang.String,java.lang.String)[pri:0, instance:tests.AddtoCartTest@6b81ce95]" started-at="2023-12-02T13:47:20 IST" name="addTpCart" data-provider="data" finished-at="2023-12-02T13:47:26 IST" duration-ms="5285" status="PASS">
          <params>
            <param index="0">
              <value>
                <![CDATA[jesusramesh10@gmail.com]]>
              </value>
            </param>
            <param index="1">
              <value>
                <![CDATA[Grace@123]]>
              </value>
            </param>
          </params>
          <reporter-output>
          </reporter-output>
        </test-method> <!-- addTpCart -->
        <test-method signature="cofirmOrder()[pri:0, instance:tests.AddtoCartTest@6b81ce95]" started-at="2023-12-02T13:47:26 IST" name="cofirmOrder" finished-at="2023-12-02T13:47:27 IST" depends-on-methods="tests.AddtoCartTest.addTpCart" duration-ms="1223" status="PASS">
          <reporter-output>
          </reporter-output>
        </test-method> <!-- cofirmOrder -->
        <test-method is-config="true" signature="clean()[pri:0, instance:tests.AddtoCartTest@6b81ce95]" started-at="2023-12-02T13:47:27 IST" name="clean" finished-at="2023-12-02T13:47:27 IST" duration-ms="211" status="PASS">
          <reporter-output>
          </reporter-output>
        </test-method> <!-- clean -->
      </class> <!-- tests.AddtoCartTest -->
    </test> <!-- Default test -->
  </suite> <!-- Default suite -->
</testng-results>
